[2022-03-26 07:34:05] production.INFO: crm url : https://globemetrix-crm.thavorath.com/newLead  
[2022-03-26 07:34:06] production.INFO: response from crm <html>
<head><title>405 Not Allowed</title></head>
<body>
<center><h1>405 Not Allowed</h1></center>
<hr><center>nginx/1.18.0 (Ubuntu)</center>
</body>
</html>
<!-- a padding to disable MSIE and Chrome friendly error page -->
<!-- a padding to disable MSIE and Chrome friendly error page -->
<!-- a padding to disable MSIE and Chrome friendly error page -->
<!-- a padding to disable MSIE and Chrome friendly error page -->
<!-- a padding to disable MSIE and Chrome friendly error page -->
<!-- a padding to disable MSIE and Chrome friendly error page -->
  
[2022-03-26 07:34:07] production.ERROR: Swift_TransportException: Expected response code 354 but got code "421", with message "421 Domain inclusivematrimony.com is not allowed to send: Disabled for sending spam. Please contact support to resolve.
" in /var/www/html/app/vendor/swiftmailer/swiftmailer/lib/classes/Swift/Transport/AbstractSmtpTransport.php:383
Stack trace:
#0 /var/www/html/app/vendor/swiftmailer/swiftmailer/lib/classes/Swift/Transport/AbstractSmtpTransport.php(281): Swift_Transport_AbstractSmtpTransport->_assertResponseCode()
#1 /var/www/html/app/vendor/swiftmailer/swiftmailer/lib/classes/Swift/Transport/EsmtpTransport.php(270): Swift_Transport_AbstractSmtpTransport->executeCommand()
#2 /var/www/html/app/vendor/swiftmailer/swiftmailer/lib/classes/Swift/Transport/AbstractSmtpTransport.php(319): Swift_Transport_EsmtpTransport->executeCommand()
#3 /var/www/html/app/vendor/swiftmailer/swiftmailer/lib/classes/Swift/Transport/AbstractSmtpTransport.php(427): Swift_Transport_AbstractSmtpTransport->_doDataCommand()
#4 /var/www/html/app/vendor/swiftmailer/swiftmailer/lib/classes/Swift/Transport/AbstractSmtpTransport.php(444): Swift_Transport_AbstractSmtpTransport->_doMailTransaction()
#5 /var/www/html/app/vendor/swiftmailer/swiftmailer/lib/classes/Swift/Transport/AbstractSmtpTransport.php(176): Swift_Transport_AbstractSmtpTransport->_sendTo()
#6 /var/www/html/app/vendor/swiftmailer/swiftmailer/lib/classes/Swift/Mailer.php(85): Swift_Transport_AbstractSmtpTransport->send()
#7 /var/www/html/app/vendor/laravel/framework/src/Illuminate/Mail/Mailer.php(440): Swift_Mailer->send()
#8 /var/www/html/app/vendor/laravel/framework/src/Illuminate/Mail/Mailer.php(211): Illuminate\Mail\Mailer->sendSwiftMessage()
#9 /var/www/html/app/vendor/laravel/framework/src/Illuminate/Mail/Mailable.php(124): Illuminate\Mail\Mailer->send()
#10 /var/www/html/app/vendor/laravel/framework/src/Illuminate/Mail/Mailer.php(225): Illuminate\Mail\Mailable->send()
#11 /var/www/html/app/vendor/laravel/framework/src/Illuminate/Mail/Mailer.php(187): Illuminate\Mail\Mailer->sendMailable()
#12 /var/www/html/app/vendor/laravel/framework/src/Illuminate/Mail/PendingMail.php(99): Illuminate\Mail\Mailer->send()
#13 /var/www/html/app/app/Http/Controllers/RequestFormController.php(90): Illuminate\Mail\PendingMail->send()
#14 [internal function]: App\Http\Controllers\RequestFormController->submitRequest()
#15 /var/www/html/app/vendor/laravel/framework/src/Illuminate/Routing/Controller.php(55): call_user_func_array()
#16 /var/www/html/app/vendor/laravel/framework/src/Illuminate/Routing/ControllerDispatcher.php(44): Illuminate\Routing\Controller->callAction()
#17 /var/www/html/app/vendor/laravel/framework/src/Illuminate/Routing/Route.php(203): Illuminate\Routing\ControllerDispatcher->dispatch()
#18 /var/www/html/app/vendor/laravel/framework/src/Illuminate/Routing/Route.php(160): Illuminate\Routing\Route->runController()
#19 /var/www/html/app/vendor/laravel/framework/src/Illuminate/Routing/Router.php(574): Illuminate\Routing\Route->run()
#20 /var/www/html/app/vendor/laravel/framework/src/Illuminate/Routing/Pipeline.php(30): Illuminate\Routing\Router->Illuminate\Routing\{closure}()
#21 /var/www/html/app/vendor/laravel/framework/src/Illuminate/Routing/Middleware/SubstituteBindings.php(41): Illuminate\Routing\Pipeline->Illuminate\Routing\{closure}()
#22 /var/www/html/app/vendor/laravel/framework/src/Illuminate/Pipeline/Pipeline.php(148): Illuminate\Routing\Middleware\SubstituteBindings->handle()
#23 /var/www/html/app/vendor/laravel/framework/src/Illuminate/Routing/Pipeline.php(53): Illuminate\Pipeline\Pipeline->Illuminate\Pipeline\{closure}()
#24 /var/www/html/app/vendor/laravel/framework/src/Illuminate/Foundation/Http/Middleware/VerifyCsrfToken.php(65): Illuminate\Routing\Pipeline->Illuminate\Routing\{closure}()
#25 /var/www/html/app/vendor/laravel/framework/src/Illuminate/Pipeline/Pipeline.php(148): Illuminate\Foundation\Http\Middleware\VerifyCsrfToken->handle()
#26 /var/www/html/app/vendor/laravel/framework/src/Illuminate/Routing/Pipeline.php(53): Illuminate\Pipeline\Pipeline->Illuminate\Pipeline\{closure}()
#27 /var/www/html/app/vendor/laravel/framework/src/Illuminate/View/Middleware/ShareErrorsFromSession.php(49): Illuminate\Routing\Pipeline->Illuminate\Routing\{closure}()
#28 /var/www/html/app/vendor/laravel/framework/src/Illuminate/Pipeline/Pipeline.php(148): Illuminate\View\Middleware\ShareErrorsFromSession->handle()
#29 /var/www/html/app/vendor/laravel/framework/src/Illuminate/Routing/Pipeline.php(53): Illuminate\Pipeline\Pipeline->Illuminate\Pipeline\{closure}()
#30 /var/www/html/app/vendor/laravel/framework/src/Illuminate/Session/Middleware/StartSession.php(64): Illuminate\Routing\Pipeline->Illuminate\Routing\{closure}()
#31 /var/www/html/app/vendor/laravel/framework/src/Illuminate/Pipeline/Pipeline.php(148): Illuminate\Session\Middleware\StartSession->handle()
#32 /var/www/html/app/vendor/laravel/framework/src/Illuminate/Routing/Pipeline.php(53): Illuminate\Pipeline\Pipeline->Illuminate\Pipeline\{closure}()
#33 /var/www/html/app/vendor/laravel/framework/src/Illuminate/Cookie/Middleware/AddQueuedCookiesToResponse.php(37): Illuminate\Routing\Pipeline->Illuminate\Routing\{closure}()
#34 /var/www/html/app/vendor/laravel/framework/src/Illuminate/Pipeline/Pipeline.php(148): Illuminate\Cookie\Middleware\AddQueuedCookiesToResponse->handle()
#35 /var/www/html/app/vendor/laravel/framework/src/Illuminate/Routing/Pipeline.php(53): Illuminate\Pipeline\Pipeline->Illuminate\Pipeline\{closure}()
#36 /var/www/html/app/vendor/laravel/framework/src/Illuminate/Cookie/Middleware/EncryptCookies.php(59): Illuminate\Routing\Pipeline->Illuminate\Routing\{closure}()
#37 /var/www/html/app/vendor/laravel/framework/src/Illuminate/Pipeline/Pipeline.php(148): Illuminate\Cookie\Middleware\EncryptCookies->handle()
#38 /var/www/html/app/vendor/laravel/framework/src/Illuminate/Routing/Pipeline.php(53): Illuminate\Pipeline\Pipeline->Illuminate\Pipeline\{closure}()
#39 /var/www/html/app/vendor/laravel/framework/src/Illuminate/Pipeline/Pipeline.php(102): Illuminate\Routing\Pipeline->Illuminate\Routing\{closure}()
#40 /var/www/html/app/vendor/laravel/framework/src/Illuminate/Routing/Router.php(576): Illuminate\Pipeline\Pipeline->then()
#41 /var/www/html/app/vendor/laravel/framework/src/Illuminate/Routing/Router.php(535): Illuminate\Routing\Router->runRouteWithinStack()
#42 /var/www/html/app/vendor/laravel/framework/src/Illuminate/Routing/Router.php(513): Illuminate\Routing\Router->dispatchToRoute()
#43 /var/www/html/app/vendor/laravel/framework/src/Illuminate/Foundation/Http/Kernel.php(174): Illuminate\Routing\Router->dispatch()
#44 /var/www/html/app/vendor/laravel/framework/src/Illuminate/Routing/Pipeline.php(30): Illuminate\Foundation\Http\Kernel->Illuminate\Foundation\Http\{closure}()
#45 /var/www/html/app/vendor/laravel/framework/src/Illuminate/Foundation/Http/Middleware/TransformsRequest.php(30): Illuminate\Routing\Pipeline->Illuminate\Routing\{closure}()
#46 /var/www/html/app/vendor/laravel/framework/src/Illuminate/Pipeline/Pipeline.php(148): Illuminate\Foundation\Http\Middleware\TransformsRequest->handle()
#47 /var/www/html/app/vendor/laravel/framework/src/Illuminate/Routing/Pipeline.php(53): Illuminate\Pipeline\Pipeline->Illuminate\Pipeline\{closure}()
#48 /var/www/html/app/vendor/laravel/framework/src/Illuminate/Foundation/Http/Middleware/TransformsRequest.php(30): Illuminate\Routing\Pipeline->Illuminate\Routing\{closure}()
#49 /var/www/html/app/vendor/laravel/framework/src/Illuminate/Pipeline/Pipeline.php(148): Illuminate\Foundation\Http\Middleware\TransformsRequest->handle()
#50 /var/www/html/app/vendor/laravel/framework/src/Illuminate/Routing/Pipeline.php(53): Illuminate\Pipeline\Pipeline->Illuminate\Pipeline\{closure}()
#51 /var/www/html/app/vendor/laravel/framework/src/Illuminate/Foundation/Http/Middleware/ValidatePostSize.php(27): Illuminate\Routing\Pipeline->Illuminate\Routing\{closure}()
#52 /var/www/html/app/vendor/laravel/framework/src/Illuminate/Pipeline/Pipeline.php(148): Illuminate\Foundation\Http\Middleware\ValidatePostSize->handle()
#53 /var/www/html/app/vendor/laravel/framework/src/Illuminate/Routing/Pipeline.php(53): Illuminate\Pipeline\Pipeline->Illuminate\Pipeline\{closure}()
#54 /var/www/html/app/vendor/laravel/framework/src/Illuminate/Foundation/Http/Middleware/CheckForMaintenanceMode.php(46): Illuminate\Routing\Pipeline->Illuminate\Routing\{closure}()
#55 /var/www/html/app/vendor/laravel/framework/src/Illuminate/Pipeline/Pipeline.php(148): Illuminate\Foundation\Http\Middleware\CheckForMaintenanceMode->handle()
#56 /var/www/html/app/vendor/laravel/framework/src/Illuminate/Routing/Pipeline.php(53): Illuminate\Pipeline\Pipeline->Illuminate\Pipeline\{closure}()
#57 /var/www/html/app/app/Http/Middleware/Cors.php(18): Illuminate\Routing\Pipeline->Illuminate\Routing\{closure}()
#58 /var/www/html/app/vendor/laravel/framework/src/Illuminate/Pipeline/Pipeline.php(148): App\Http\Middleware\Cors->handle()
#59 /var/www/html/app/vendor/laravel/framework/src/Illuminate/Routing/Pipeline.php(53): Illuminate\Pipeline\Pipeline->Illuminate\Pipeline\{closure}()
#60 /var/www/html/app/vendor/laravel/framework/src/Illuminate/Pipeline/Pipeline.php(102): Illuminate\Routing\Pipeline->Illuminate\Routing\{closure}()
#61 /var/www/html/app/vendor/laravel/framework/src/Illuminate/Foundation/Http/Kernel.php(149): Illuminate\Pipeline\Pipeline->then()
#62 /var/www/html/app/vendor/laravel/framework/src/Illuminate/Foundation/Http/Kernel.php(116): Illuminate\Foundation\Http\Kernel->sendRequestThroughRouter()
#63 /var/www/html/app.php(32): Illuminate\Foundation\Http\Kernel->handle()
#64 /var/www/html/index.php(11): require('/var/www/html/a...')
#65 {main}  
